Using pre-set license
Built from '2021.3/staging' branch; Version is '2021.3.21f1 (1b156197d683) revision 1774945'; Using compiler version '192829333'; Build Type 'Release'
OS: 'Windows 10  (10.0.19044) 64bit Core' Language: 'en' Physical Memory: 16329 MB
BatchMode: 1, IsHumanControllingUs: 0, StartBugReporterOnCrash: 0, Is64bit: 1, IsPro: 1

COMMAND LINE ARGUMENTS:
E:\2021.3.21f1\Editor\Unity.exe
-adb2
-batchMode
-noUpm
-name
AssetImportWorker0
-projectPath
E:/GitHub/Game-Engine/Game-Engine-build1
-logFile
Logs/AssetImportWorker0.log
-srvPort
56996
Successfully changed project path to: E:/GitHub/Game-Engine/Game-Engine-build1
E:/GitHub/Game-Engine/Game-Engine-build1
[UnityMemory] Configuration Parameters - Can be set up in boot.config
    "memorysetup-bucket-allocator-granularity=16"
    "memorysetup-bucket-allocator-bucket-count=8"
    "memorysetup-bucket-allocator-block-size=33554432"
    "memorysetup-bucket-allocator-block-count=8"
    "memorysetup-main-allocator-block-size=16777216"
    "memorysetup-thread-allocator-block-size=16777216"
    "memorysetup-gfx-main-allocator-block-size=16777216"
    "memorysetup-gfx-thread-allocator-block-size=16777216"
    "memorysetup-cache-allocator-block-size=4194304"
    "memorysetup-typetree-allocator-block-size=2097152"
    "memorysetup-profiler-bucket-allocator-granularity=16"
    "memorysetup-profiler-bucket-allocator-bucket-count=8"
    "memorysetup-profiler-bucket-allocator-block-size=33554432"
    "memorysetup-profiler-bucket-allocator-block-count=8"
    "memorysetup-profiler-allocator-block-size=16777216"
    "memorysetup-profiler-editor-allocator-block-size=1048576"
    "memorysetup-temp-allocator-size-main=16777216"
    "memorysetup-job-temp-allocator-block-size=2097152"
    "memorysetup-job-temp-allocator-block-size-background=1048576"
    "memorysetup-job-temp-allocator-reduction-small-platforms=262144"
    "memorysetup-temp-allocator-size-background-worker=32768"
    "memorysetup-temp-allocator-size-job-worker=262144"
    "memorysetup-temp-allocator-size-preload-manager=33554432"
    "memorysetup-temp-allocator-size-nav-mesh-worker=65536"
    "memorysetup-temp-allocator-size-audio-worker=65536"
    "memorysetup-temp-allocator-size-cloud-worker=32768"
    "memorysetup-temp-allocator-size-gi-baking-worker=262144"
    "memorysetup-temp-allocator-size-gfx=262144"
Player connection [25632] Host "[IP] 10.218.253.51 [Port] 0 [Flags] 2 [Guid] 3624014758 [EditorId] 3624014758 [Version] 1048832 [Id] WindowsEditor(7,DESKTOP-7M8QGEQ) [Debug] 1 [PackageName] WindowsEditor [ProjectName] Editor" joined multi-casting on [225.0.0.222:54997]...

Player connection [25632] Host "[IP] 10.218.253.51 [Port] 0 [Flags] 2 [Guid] 3624014758 [EditorId] 3624014758 [Version] 1048832 [Id] WindowsEditor(7,DESKTOP-7M8QGEQ) [Debug] 1 [PackageName] WindowsEditor [ProjectName] Editor" joined alternative multi-casting on [225.0.0.222:34997]...

Refreshing native plugins compatible for Editor in 81.63 ms, found 4 plugins.
Preloading 0 native plugins for Editor in 0.00 ms.
Initialize engine version: 2021.3.21f1 (1b156197d683)
[Subsystems] Discovering subsystems at path E:/2021.3.21f1/Editor/Data/Resources/UnitySubsystems
[Subsystems] Discovering subsystems at path E:/GitHub/Game-Engine/Game-Engine-build1/Assets
GfxDevice: creating device client; threaded=0; jobified=0
Direct3D:
    Version:  Direct3D 11.0 [level 11.1]
    Renderer: NVIDIA GeForce GTX 1660 SUPER (ID=0x21c4)
    Vendor:   NVIDIA
    VRAM:     5980 MB
    Driver:   31.0.15.3118
Initialize mono
Mono path[0] = 'E:/2021.3.21f1/Editor/Data/Managed'
Mono path[1] = 'E:/2021.3.21f1/Editor/Data/MonoBleedingEdge/lib/mono/unityjit-win32'
Mono config path = 'E:/2021.3.21f1/Editor/Data/MonoBleedingEdge/etc'
Using monoOptions --debugger-agent=transport=dt_socket,embedding=1,server=y,suspend=n,address=127.0.0.1:56628
Begin MonoManager ReloadAssembly
Registering precompiled unity dll's ...
Register platform support module: E:/2021.3.21f1/Editor/Data/PlaybackEngines/WebGLSupport/UnityEditor.WebGL.Extensions.dll
Register platform support module: E:/2021.3.21f1/Editor/Data/PlaybackEngines/WindowsStandaloneSupport/UnityEditor.WindowsStandalone.Extensions.dll
Registered in 0.002209 seconds.
Native extension for WindowsStandalone target not found
Native extension for WebGL target not found
Refreshing native plugins compatible for Editor in 81.29 ms, found 4 plugins.
Preloading 0 native plugins for Editor in 0.00 ms.
Mono: successfully reloaded assembly
- Completed reload, in  0.584 seconds
Domain Reload Profiling:
	ReloadAssembly (584ms)
		BeginReloadAssembly (71ms)
			ExecutionOrderSort (0ms)
			DisableScriptedObjects (0ms)
			BackupInstance (0ms)
			ReleaseScriptingObjects (0ms)
			CreateAndSetChildDomain (1ms)
		EndReloadAssembly (432ms)
			LoadAssemblies (70ms)
			RebuildTransferFunctionScriptingTraits (0ms)
			SetupTypeCache (98ms)
			ReleaseScriptCaches (0ms)
			RebuildScriptCaches (24ms)
			SetupLoadedEditorAssemblies (267ms)
				LogAssemblyErrors (0ms)
				InitializePlatformSupportModulesInManaged (6ms)
				SetLoadedEditorAssemblies (0ms)
				RefreshPlugins (81ms)
				BeforeProcessingInitializeOnLoad (1ms)
				ProcessInitializeOnLoadAttributes (135ms)
				ProcessInitializeOnLoadMethodAttributes (42ms)
				AfterProcessingInitializeOnLoad (0ms)
				EditorAssembliesLoaded (0ms)
			ExecutionOrderSort2 (0ms)
			AwakeInstancesAfterBackupRestoration (0ms)
Platform modules already initialized, skipping
Registering precompiled user dll's ...
Registered in 0.004580 seconds.
Begin MonoManager ReloadAssembly
Symbol file LoadedFromMemory doesn't match image E:\GitHub\Game-Engine\Game-Engine-build1\Library\PackageCache\com.unity.visualscripting@1.8.0\Editor\VisualScripting.Core\Dependencies\YamlDotNet\Unity.VisualScripting.YamlDotNet.dll
Symbol file LoadedFromMemory doesn't match image E:\GitHub\Game-Engine\Game-Engine-build1\Library\PackageCache\com.unity.visualscripting@1.8.0\Editor\VisualScripting.Core\Dependencies\DotNetZip\Unity.VisualScripting.IonicZip.dll
Native extension for WindowsStandalone target not found
Native extension for WebGL target not found
Refreshing native plugins compatible for Editor in 1.07 ms, found 4 plugins.
Preloading 0 native plugins for Editor in 0.00 ms.
Mono: successfully reloaded assembly
- Completed reload, in  0.999 seconds
Domain Reload Profiling:
	ReloadAssembly (1000ms)
		BeginReloadAssembly (107ms)
			ExecutionOrderSort (0ms)
			DisableScriptedObjects (6ms)
			BackupInstance (0ms)
			ReleaseScriptingObjects (0ms)
			CreateAndSetChildDomain (17ms)
		EndReloadAssembly (787ms)
			LoadAssemblies (84ms)
			RebuildTransferFunctionScriptingTraits (0ms)
			SetupTypeCache (261ms)
			ReleaseScriptCaches (1ms)
			RebuildScriptCaches (53ms)
			SetupLoadedEditorAssemblies (352ms)
				LogAssemblyErrors (0ms)
				InitializePlatformSupportModulesInManaged (6ms)
				SetLoadedEditorAssemblies (1ms)
				RefreshPlugins (1ms)
				BeforeProcessingInitializeOnLoad (91ms)
				ProcessInitializeOnLoadAttributes (234ms)
				ProcessInitializeOnLoadMethodAttributes (17ms)
				AfterProcessingInitializeOnLoad (2ms)
				EditorAssembliesLoaded (0ms)
			ExecutionOrderSort2 (0ms)
			AwakeInstancesAfterBackupRestoration (6ms)
Platform modules already initialized, skipping
========================================================================
Worker process is ready to serve import requests
Launched and connected shader compiler UnityShaderCompiler.exe after 0.04 seconds
Refreshing native plugins compatible for Editor in 0.70 ms, found 4 plugins.
Preloading 0 native plugins for Editor in 0.00 ms.
Unloading 3911 Unused Serialized files (Serialized files now loaded: 0)
Unloading 45 unused Assets / (184.4 KB). Loaded Objects now: 4366.
Memory consumption went from 147.0 MB to 146.8 MB.
Total: 2.956600 ms (FindLiveObjects: 0.313400 ms CreateObjectMapping: 0.100400 ms MarkObjects: 2.420000 ms  DeleteObjects: 0.121900 ms)

AssetImportParameters requested are different than current active one (requested -> active):
  custom:video-decoder-ogg-theora: a1e56fd34408186e4bbccfd4996cb3dc -> 
  custom:container-muxer-webm: aa71ff27fc2769a1b78a27578f13a17b -> 
  custom:container-demuxer-webm: 4f35f7cbe854078d1ac9338744f61a02 -> 
  custom:video-encoder-webm-vp8: eb34c28f22e8b96e1ab97ce403110664 -> 
  custom:audio-encoder-webm-vorbis: bf7c407c2cedff20999df2af8eb42d56 -> 
  custom:framework-win-MediaFoundation: 216162199b28c13a410421893ffa2e32 -> 
  custom:container-demuxer-ogg: 62fdf1f143b41e24485cea50d1cbac27 -> 
  custom:video-decoder-webm-vp8: 9c59270c3fd7afecdb556c50c9e8de78 -> 
  custom:audio-decoder-ogg-vorbis: bf7c407c2cedff20999df2af8eb42d56 -> 
========================================================================
Received Import Request.
  Time since last request: 449322.345663 seconds.
  path: Assets/ITEMS/Item 1.prefab
  artifactKey: Guid(34873341110fe044eb66b9d4d79a3452) Importer(815301076,1909f56bfc062723c751e8b465ee728b)
Start importing Assets/ITEMS/Item 1.prefab using Guid(34873341110fe044eb66b9d4d79a3452) Importer(815301076,1909f56bfc062723c751e8b465ee728b)  -> (artifact id: 'da31b04452982f1a7a1bf482aa66fdf2') in 0.115173 seconds 
========================================================================
Received Import Request.
  Time since last request: 7.146430 seconds.
  path: Assets/ITEMS/M4carbine.png
  artifactKey: Guid(f0799585d9e9e0d41918eb6bc40b82f8) Importer(815301076,1909f56bfc062723c751e8b465ee728b)
Start importing Assets/ITEMS/M4carbine.png using Guid(f0799585d9e9e0d41918eb6bc40b82f8) Importer(815301076,1909f56bfc062723c751e8b465ee728b)  -> (artifact id: '10daaabf2ec351253ec8ff2f7f8a4351') in 0.063891 seconds 
========================================================================
Received Import Request.
  Time since last request: 1.298579 seconds.
  path: Assets/ITEMS/L96.png
  artifactKey: Guid(1998b06384a5a5c4d951cd03a5cf4ded) Importer(815301076,1909f56bfc062723c751e8b465ee728b)
Start importing Assets/ITEMS/L96.png using Guid(1998b06384a5a5c4d951cd03a5cf4ded) Importer(815301076,1909f56bfc062723c751e8b465ee728b)  -> (artifact id: '742a5b21c8d96ea72bb3c08dd3675e87') in 0.009302 seconds 
========================================================================
Received Import Request.
  Time since last request: 1.871394 seconds.
  path: Assets/ITEMS/ak47.png
  artifactKey: Guid(f516b011fdfa21943ae5ca3fed64a2e3) Importer(815301076,1909f56bfc062723c751e8b465ee728b)
Start importing Assets/ITEMS/ak47.png using Guid(f516b011fdfa21943ae5ca3fed64a2e3) Importer(815301076,1909f56bfc062723c751e8b465ee728b)  -> (artifact id: '1e6cd63b6bd06e5ffc17efcc6096816e') in 0.010223 seconds 
========================================================================
Received Import Request.
  Time since last request: 16.126983 seconds.
  path: Assets/ITEMS/AK47/AK47.prefab
  artifactKey: Guid(562293d3cb5f69846b8097bb86132781) Importer(815301076,1909f56bfc062723c751e8b465ee728b)
Start importing Assets/ITEMS/AK47/AK47.prefab using Guid(562293d3cb5f69846b8097bb86132781) Importer(815301076,1909f56bfc062723c751e8b465ee728b)  -> (artifact id: 'c9b4ced6c0b8d18658c0f93575d7ec56') in 0.038416 seconds 
========================================================================
Received Import Request.
  Time since last request: 29.826325 seconds.
  path: Assets/ITEMS/AK47/ak47.png
  artifactKey: Guid(f516b011fdfa21943ae5ca3fed64a2e3) Importer(815301076,1909f56bfc062723c751e8b465ee728b)
Start importing Assets/ITEMS/AK47/ak47.png using Guid(f516b011fdfa21943ae5ca3fed64a2e3) Importer(815301076,1909f56bfc062723c751e8b465ee728b)  -> (artifact id: 'dd093b83753919e0631e57f156652a5b') in 0.042075 seconds 
========================================================================
Received Import Request.
  Time since last request: 1.618071 seconds.
  path: Assets/ITEMS/L96/L96.prefab
  artifactKey: Guid(44cbab60df99a094ab4bf88a87d7bef7) Importer(815301076,1909f56bfc062723c751e8b465ee728b)
Start importing Assets/ITEMS/L96/L96.prefab using Guid(44cbab60df99a094ab4bf88a87d7bef7) Importer(815301076,1909f56bfc062723c751e8b465ee728b)  -> (artifact id: '2bd2117c11362e0dd1d0f2c6c92e558c') in 0.013488 seconds 
========================================================================
Received Import Request.
  Time since last request: 8.670190 seconds.
  path: Assets/ITEMS/M4_Carbine/M4.prefab
  artifactKey: Guid(e40a9b7a563a2144688049687570ab86) Importer(815301076,1909f56bfc062723c751e8b465ee728b)
Start importing Assets/ITEMS/M4_Carbine/M4.prefab using Guid(e40a9b7a563a2144688049687570ab86) Importer(815301076,1909f56bfc062723c751e8b465ee728b)  -> (artifact id: 'ef69ad7b185ad4970bb3fda2a8417892') in 0.027013 seconds 
========================================================================
Received Import Request.
  Time since last request: 10.041191 seconds.
  path: Assets/ITEMS/M4_Carbine/M4carbine.png
  artifactKey: Guid(f0799585d9e9e0d41918eb6bc40b82f8) Importer(815301076,1909f56bfc062723c751e8b465ee728b)
Start importing Assets/ITEMS/M4_Carbine/M4carbine.png using Guid(f0799585d9e9e0d41918eb6bc40b82f8) Importer(815301076,1909f56bfc062723c751e8b465ee728b)  -> (artifact id: '9e69071c3017875972311ddfb179db37') in 0.030259 seconds 
========================================================================
Received Import Request.
  Time since last request: 3.683104 seconds.
  path: Assets/ITEMS/L96/L96.png
  artifactKey: Guid(1998b06384a5a5c4d951cd03a5cf4ded) Importer(815301076,1909f56bfc062723c751e8b465ee728b)
Start importing Assets/ITEMS/L96/L96.png using Guid(1998b06384a5a5c4d951cd03a5cf4ded) Importer(815301076,1909f56bfc062723c751e8b465ee728b)  -> (artifact id: '0dad7cf6e019ab69d56c1d2bf088e75c') in 0.011761 seconds 
========================================================================
Received Prepare
Registering precompiled user dll's ...
Registered in 0.004743 seconds.
Begin MonoManager ReloadAssembly
Symbol file LoadedFromMemory doesn't match image E:\GitHub\Game-Engine\Game-Engine-build1\Library\PackageCache\com.unity.visualscripting@1.8.0\Editor\VisualScripting.Core\Dependencies\YamlDotNet\Unity.VisualScripting.YamlDotNet.dll
Symbol file LoadedFromMemory doesn't match image E:\GitHub\Game-Engine\Game-Engine-build1\Library\PackageCache\com.unity.visualscripting@1.8.0\Editor\VisualScripting.Core\Dependencies\DotNetZip\Unity.VisualScripting.IonicZip.dll
Native extension for WindowsStandalone target not found
Native extension for WebGL target not found
Refreshing native plugins compatible for Editor in 0.74 ms, found 4 plugins.
Preloading 0 native plugins for Editor in 0.00 ms.
Mono: successfully reloaded assembly
- Completed reload, in  1.026 seconds
Domain Reload Profiling:
	ReloadAssembly (1027ms)
		BeginReloadAssembly (124ms)
			ExecutionOrderSort (0ms)
			DisableScriptedObjects (5ms)
			BackupInstance (0ms)
			ReleaseScriptingObjects (0ms)
			CreateAndSetChildDomain (32ms)
		EndReloadAssembly (813ms)
			LoadAssemblies (84ms)
			RebuildTransferFunctionScriptingTraits (0ms)
			SetupTypeCache (293ms)
			ReleaseScriptCaches (2ms)
			RebuildScriptCaches (46ms)
			SetupLoadedEditorAssemblies (351ms)
				LogAssemblyErrors (0ms)
				InitializePlatformSupportModulesInManaged (5ms)
				SetLoadedEditorAssemblies (1ms)
				RefreshPlugins (1ms)
				BeforeProcessingInitializeOnLoad (69ms)
				ProcessInitializeOnLoadAttributes (255ms)
				ProcessInitializeOnLoadMethodAttributes (18ms)
				AfterProcessingInitializeOnLoad (3ms)
				EditorAssembliesLoaded (0ms)
			ExecutionOrderSort2 (0ms)
			AwakeInstancesAfterBackupRestoration (8ms)
Platform modules already initialized, skipping
Refreshing native plugins compatible for Editor in 2.28 ms, found 4 plugins.
Preloading 0 native plugins for Editor in 0.00 ms.
Unloading 3904 Unused Serialized files (Serialized files now loaded: 0)
Unloading 28 unused Assets / (152.7 KB). Loaded Objects now: 4393.
Memory consumption went from 151.5 MB to 151.4 MB.
Total: 2.816700 ms (FindLiveObjects: 0.297900 ms CreateObjectMapping: 0.082500 ms MarkObjects: 2.315900 ms  DeleteObjects: 0.119400 ms)

AssetImportParameters requested are different than current active one (requested -> active):
  custom:video-decoder-ogg-theora: a1e56fd34408186e4bbccfd4996cb3dc -> 
  custom:container-muxer-webm: aa71ff27fc2769a1b78a27578f13a17b -> 
  custom:container-demuxer-webm: 4f35f7cbe854078d1ac9338744f61a02 -> 
  custom:video-encoder-webm-vp8: eb34c28f22e8b96e1ab97ce403110664 -> 
  custom:audio-encoder-webm-vorbis: bf7c407c2cedff20999df2af8eb42d56 -> 
  custom:framework-win-MediaFoundation: 216162199b28c13a410421893ffa2e32 -> 
  custom:container-demuxer-ogg: 62fdf1f143b41e24485cea50d1cbac27 -> 
  custom:video-decoder-webm-vp8: 9c59270c3fd7afecdb556c50c9e8de78 -> 
  custom:audio-decoder-ogg-vorbis: bf7c407c2cedff20999df2af8eb42d56 -> 
========================================================================
Received Import Request.
  Time since last request: 57.138378 seconds.
  path: Assets/ITEMS/AK47/AK-47.asset
  artifactKey: Guid(5f96eebf42ba95340b8527f26eff309b) Importer(815301076,1909f56bfc062723c751e8b465ee728b)
Start importing Assets/ITEMS/AK47/AK-47.asset using Guid(5f96eebf42ba95340b8527f26eff309b) Importer(815301076,1909f56bfc062723c751e8b465ee728b)  -> (artifact id: '3fbad17f5004d002512e0e65e4c34711') in 0.020812 seconds 
